[RUN #0 1 3]
753
291
633
[RUN #1 2 3]
-441 874
-981 410
289 -801
[RUN #2 3 3]
778 291 -472
724 440 958
825 -556 -395
[RUN #3 4 3]
-467 363 -876 -429
826 651 -857 356
-66 780 -7 455
[RUN #4 5 3]
5 -984 192 -859 -463
-846 -503 -97 -491 -548
274 -922 -199 -617 -431
[RUN #5 6 3]
-843 176 704 865 593 831
[RUN #6 1 3]
-253
-487
976
[RUN #7 2 3]
-323 -422
963 563
898 -272
[RUN #8 3 3]
-254 -661 -689
251 146 725
908 -15 -217
[RUN #9 4 3]
885 853 -309 -883
480 527 604 758
635 -727 -711 -276
[RUN #10 5 3]
604 -701 -104 198 492
-884 997 -107 -297 679
87 973 -346 128 38
[RUN #11 6 3]
397 83 -408 616 -340 498
549 -358 -542 -38 -586 982
-283 449 850 108 782 198
[RUN #12 7 3]
-24 -331 -918 -76 -350 933 -252
938 -494 475 420 -748 -322 -281
-232 353 -165 315 -795 -621 25
[RUN #13 8 3]
704 15 347 621 640 -456 847 -348
374 954 -297 17 -803 -43 807 -924
-125 -391 -933 -535 -387 77 -333 37
[RUN #14 9 3]
966 -803 321 -702 -191 790 443 -218 -562
837 180 -532 -539 -586 684 -701 -804 -655
-590 895 -511 -48 -397 41 -520 -706 -108
[RUN #15 10 3]
-394 -488 21 382 352 883 560 -506 -522 398
-92 435 222 -714 -363 280 -120 -377 -235 -237
-768 412 -798 -813 -694 -146 -394 870 -983 -402
[RUN #16 11 3]
-398 -72 936 154 -880 -929 840 273 -737 -328 -842
946 -144 -123 -475 124 -683 -537 -88 -879 -180 -575
-618 589 -31 701 232 -895 199 348 24 279 210
[RUN #17 12 3]
-916 230 -624 -508 -250 240 -763 21 -816 843 801 466
-886 -446 -373 -161 758 -439 -54 994 -414 -73 185 195
-958 -845 906 -673 -264 184 214 533 -761 272 -272 -412
[RUN #18 13 3]
-563 585 -773 897 402 -64 487 -909 14 -848 874 -775 124
-534 -193 -708 -213 910 -68 -891 584 -482 -19 983 255 -637
-772 9 -987 435 454 -206 533 -358 -994 96 -120 438 184
[RUN #19 14 3]
738 -359 420 630 311 -959 699 -722 -957 310 -947 -983 -220 398
286 643 -692 -688 -397 419 -405 57 -313 144 283 -266 280 -972
320 802 550 -575 69 953 -420 721 922 -491 411 671 -565 71
[RUN #20 15 3]
-995 126 -380 -654 -15 592 -407 -640 -202 49 810 -953 -177 798 -638
